# JRE version: OpenJDK Runtime Environment (17.0+35) (build 17+35-2724)
# Java VM: OpenJDK 64-Bit Server VM (17+35-2724, mixed mode, tiered, compressed oops, compressed class ptrs, g1 gc, linux-amd64)
GC Precious Log:
 CPUs: 8 total, 8 available
 Memory: 15874M
 Large Page Support: Disabled
 NUMA Support: Disabled
 Compressed Oops: Enabled (Zero based)
 Heap Region Size: 2M
 Heap Min Capacity: 8M
 Heap Initial Capacity: 250M
 Heap Max Capacity: 3970M
 Pre-touch: Disabled
 Parallel Workers: 8
 Concurrent Workers: 2
 Concurrent Refinement Workers: 8
 Periodic GC: Disabled
Heap:
 garbage-first heap   total 184320K, used 96166K [0x0000000707e00000, 0x0000000800000000)
  region size 2048K, 7 young (14336K), 1 survivors (2048K)
 Metaspace       used 41964K, committed 42432K, reserved 1089536K
  class space    used 5355K, committed 5568K, reserved 1048576K
GC Heap History (20 events):
Event: 314,840 GC heap before
{Heap before GC invocations=33 (full 0):
 garbage-first heap   total 147456K, used 119615K [0x0000000707e00000, 0x0000000800000000)
  region size 2048K, 19 young (38912K), 2 survivors (4096K)
 Metaspace       used 41725K, committed 42176K, reserved 1089536K
  class space    used 5346K, committed 5568K, reserved 1048576K
}
Event: 314,849 GC heap after
{Heap after GC invocations=34 (full 0):
 garbage-first heap   total 147456K, used 85637K [0x0000000707e00000, 0x0000000800000000)
  region size 2048K, 2 young (4096K), 2 survivors (4096K)
 Metaspace       used 41725K, committed 42176K, reserved 1089536K
  class space    used 5346K, committed 5568K, reserved 1048576K
}
Event: 316,587 GC heap before
{Heap before GC invocations=35 (full 0):
 garbage-first heap   total 178176K, used 118405K [0x0000000707e00000, 0x0000000800000000)
  region size 2048K, 18 young (36864K), 2 survivors (4096K)
 Metaspace       used 41736K, committed 42176K, reserved 1089536K
  class space    used 5346K, committed 5568K, reserved 1048576K
}
Event: 316,598 GC heap after
{Heap after GC invocations=36 (full 0):
 garbage-first heap   total 178176K, used 85791K [0x0000000707e00000, 0x0000000800000000)
  region size 2048K, 2 young (4096K), 2 survivors (4096K)
 Metaspace       used 41736K, committed 42176K, reserved 1089536K
  class space    used 5346K, committed 5568K, reserved 1048576K
}
Event: 316,664 GC heap before
{Heap before GC invocations=36 (full 0):
 garbage-first heap   total 178176K, used 89887K [0x0000000707e00000, 0x0000000800000000)
  region size 2048K, 4 young (8192K), 2 survivors (4096K)
 Metaspace       used 41740K, committed 42176K, reserved 1089536K
  class space    used 5346K, committed 5568K, reserved 1048576K
}
Event: 316,678 GC heap after
{Heap after GC invocations=37 (full 0):
 garbage-first heap   total 178176K, used 84503K [0x0000000707e00000, 0x0000000800000000)
  region size 2048K, 1 young (2048K), 1 survivors (2048K)
 Metaspace       used 41740K, committed 42176K, reserved 1089536K
  class space    used 5346K, committed 5568K, reserved 1048576K
}
Event: 321,048 GC heap before
{Heap before GC invocations=37 (full 0):
 garbage-first heap   total 178176K, used 143895K [0x0000000707e00000, 0x0000000800000000)
  region size 2048K, 30 young (61440K), 1 survivors (2048K)
 Metaspace       used 41766K, committed 42176K, reserved 1089536K
  class space    used 5346K, committed 5568K, reserved 1048576K
}
Event: 321,051 GC heap after
{Heap after GC invocations=38 (full 0):
 garbage-first heap   total 178176K, used 84696K [0x0000000707e00000, 0x0000000800000000)
  region size 2048K, 1 young (2048K), 1 survivors (2048K)
 Metaspace       used 41766K, committed 42176K, reserved 1089536K
  class space    used 5346K, committed 5568K, reserved 1048576K
}
Event: 324,457 GC heap before
{Heap before GC invocations=39 (full 0):
 garbage-first heap   total 178176K, used 146136K [0x0000000707e00000, 0x0000000800000000)
  region size 2048K, 31 young (63488K), 1 survivors (2048K)
 Metaspace       used 41769K, committed 42176K, reserved 1089536K
  class space    used 5346K, committed 5568K, reserved 1048576K
}
Event: 324,462 GC heap after
{Heap after GC invocations=40 (full 0):
 garbage-first heap   total 178176K, used 84740K [0x0000000707e00000, 0x0000000800000000)
  region size 2048K, 1 young (2048K), 1 survivors (2048K)
 Metaspace       used 41769K, committed 42176K, reserved 1089536K
  class space    used 5346K, committed 5568K, reserved 1048576K
}
Event: 324,492 GC heap before
{Heap before GC invocations=40 (full 0):
 garbage-first heap   total 178176K, used 90884K [0x0000000707e00000, 0x0000000800000000)
  region size 2048K, 4 young (8192K), 1 survivors (2048K)
 Metaspace       used 41769K, committed 42176K, reserved 1089536K
  class space    used 5346K, committed 5568K, reserved 1048576K
}
Event: 324,495 GC heap after
{Heap after GC invocations=41 (full 0):
 garbage-first heap   total 178176K, used 83985K [0x0000000707e00000, 0x0000000800000000)
  region size 2048K, 1 young (2048K), 1 survivors (2048K)
 Metaspace       used 41769K, committed 42176K, reserved 1089536K
  class space    used 5346K, committed 5568K, reserved 1048576K
}
Event: 328,638 GC heap before
{Heap before GC invocations=41 (full 0):
 garbage-first heap   total 178176K, used 147473K [0x0000000707e00000, 0x0000000800000000)
  region size 2048K, 32 young (65536K), 1 survivors (2048K)
 Metaspace       used 41843K, committed 42240K, reserved 1089536K
  class space    used 5351K, committed 5568K, reserved 1048576K
}
Event: 328,642 GC heap after
{Heap after GC invocations=42 (full 0):
 garbage-first heap   total 178176K, used 84596K [0x0000000707e00000, 0x0000000800000000)
  region size 2048K, 1 young (2048K), 1 survivors (2048K)
 Metaspace       used 41843K, committed 42240K, reserved 1089536K
  class space    used 5351K, committed 5568K, reserved 1048576K
}
Event: 331,765 GC heap before
{Heap before GC invocations=43 (full 0):
 garbage-first heap   total 184320K, used 148084K [0x0000000707e00000, 0x0000000800000000)
  region size 2048K, 32 young (65536K), 1 survivors (2048K)
 Metaspace       used 41891K, committed 42368K, reserved 1089536K
  class space    used 5351K, committed 5568K, reserved 1048576K
}
Event: 331,775 GC heap after
{Heap after GC invocations=44 (full 0):
 garbage-first heap   total 184320K, used 85044K [0x0000000707e00000, 0x0000000800000000)
  region size 2048K, 2 young (4096K), 2 survivors (4096K)
 Metaspace       used 41891K, committed 42368K, reserved 1089536K
  class space    used 5351K, committed 5568K, reserved 1048576K
}
Event: 331,793 GC heap before
{Heap before GC invocations=44 (full 0):
 garbage-first heap   total 184320K, used 89140K [0x0000000707e00000, 0x0000000800000000)
  region size 2048K, 4 young (8192K), 2 survivors (4096K)
 Metaspace       used 41891K, committed 42368K, reserved 1089536K
  class space    used 5351K, committed 5568K, reserved 1048576K
}
Event: 331,797 GC heap after
{Heap after GC invocations=45 (full 0):
 garbage-first heap   total 184320K, used 84642K [0x0000000707e00000, 0x0000000800000000)
  region size 2048K, 1 young (2048K), 1 survivors (2048K)
 Metaspace       used 41891K, committed 42368K, reserved 1089536K
  class space    used 5351K, committed 5568K, reserved 1048576K
}
Event: 335,731 GC heap before
{Heap before GC invocations=45 (full 0):
 garbage-first heap   total 184320K, used 154274K [0x0000000707e00000, 0x0000000800000000)
  region size 2048K, 35 young (71680K), 1 survivors (2048K)
 Metaspace       used 41935K, committed 42368K, reserved 1089536K
  class space    used 5351K, committed 5568K, reserved 1048576K
}
Event: 335,735 GC heap after
{Heap after GC invocations=46 (full 0):
 garbage-first heap   total 184320K, used 85926K [0x0000000707e00000, 0x0000000800000000)
  region size 2048K, 1 young (2048K), 1 survivors (2048K)
 Metaspace       used 41935K, committed 42368K, reserved 1089536K
  class space    used 5351K, committed 5568K, reserved 1048576K
}

